# JRE version: OpenJDK Runtime Environment (8.0_76-b03) (build 1.8.0_76-release-b03)
# Java VM: OpenJDK 64-Bit Server VM (25.76-b03 mixed mode windows-amd64 compressed oops)
Heap:
 PSYoungGen      total 347136K, used 149301K [0x00000000e0000000, 0x00000000fb300000, 0x0000000100000000)
  eden space 280576K, 29% used [0x00000000e0000000,0x00000000e50d14c0,0x00000000f1200000)
  from space 66560K, 99% used [0x00000000f6500000,0x00000000fa5fbfb0,0x00000000fa600000)
  to   space 82432K, 0% used [0x00000000f1200000,0x00000000f1200000,0x00000000f6280000)
 ParOldGen       total 224768K, used 111714K [0x00000000a0000000, 0x00000000adb80000, 0x00000000e0000000)
  object space 224768K, 49% used [0x00000000a0000000,0x00000000a6d18898,0x00000000adb80000)
 Metaspace       used 70217K, capacity 72894K, committed 73776K, reserved 1114112K
  class space    used 8997K, capacity 9572K, committed 9776K, reserved 1048576K
GC Heap History (10 events):
Event: 1273.370 GC heap before
{Heap before GC invocations=29 (full 3):
 PSYoungGen      total 277504K, used 277475K [0x00000000e0000000, 0x00000000fa600000, 0x0000000100000000)
  eden space 222720K, 100% used [0x00000000e0000000,0x00000000ed980000,0x00000000ed980000)
  from space 54784K, 99% used [0x00000000ed980000,0x00000000f0ef8ef8,0x00000000f0f00000)
  to   space 66560K, 0% used [0x00000000f6500000,0x00000000f6500000,0x00000000fa600000)
 ParOldGen       total 98304K, used 82903K [0x00000000a0000000, 0x00000000a6000000, 0x00000000e0000000)
  object space 98304K, 84% used [0x00000000a0000000,0x00000000a50f5c00,0x00000000a6000000)
 Metaspace       used 70833K, capacity 73538K, committed 73776K, reserved 1114112K
  class space    used 9068K, capacity 9656K, committed 9776K, reserved 1048576K
Event: 1273.527 GC heap after
Heap after GC invocations=29 (full 3):
 PSYoungGen      total 347136K, used 66532K [0x00000000e0000000, 0x00000000fb300000, 0x0000000100000000)
  eden space 280576K, 0% used [0x00000000e0000000,0x00000000e0000000,0x00000000f1200000)
  from space 66560K, 99% used [0x00000000f6500000,0x00000000fa5f92c8,0x00000000fa600000)
  to   space 82432K, 0% used [0x00000000f1200000,0x00000000f1200000,0x00000000f6280000)
 ParOldGen       total 98304K, used 95494K [0x00000000a0000000, 0x00000000a6000000, 0x00000000e0000000)
  object space 98304K, 97% used [0x00000000a0000000,0x00000000a5d41ae8,0x00000000a6000000)
 Metaspace       used 70833K, capacity 73538K, committed 73776K, reserved 1114112K
  class space    used 9068K, capacity 9656K, committed 9776K, reserved 1048576K
}
Event: 1273.527 GC heap before
{Heap before GC invocations=30 (full 4):
 PSYoungGen      total 347136K, used 66532K [0x00000000e0000000, 0x00000000fb300000, 0x0000000100000000)
  eden space 280576K, 0% used [0x00000000e0000000,0x00000000e0000000,0x00000000f1200000)
  from space 66560K, 99% used [0x00000000f6500000,0x00000000fa5f92c8,0x00000000fa600000)
  to   space 82432K, 0% used [0x00000000f1200000,0x00000000f1200000,0x00000000f6280000)
 ParOldGen       total 98304K, used 95494K [0x00000000a0000000, 0x00000000a6000000, 0x00000000e0000000)
  object space 98304K, 97% used [0x00000000a0000000,0x00000000a5d41ae8,0x00000000a6000000)
 Metaspace       used 70833K, capacity 73538K, committed 73776K, reserved 1114112K
  class space    used 9068K, capacity 9656K, committed 9776K, reserved 1048576K
Event: 1274.505 GC heap after
Heap after GC invocations=30 (full 4):
 PSYoungGen      total 347136K, used 13588K [0x00000000e0000000, 0x00000000fb300000, 0x0000000100000000)
  eden space 280576K, 0% used [0x00000000e0000000,0x00000000e0000000,0x00000000f1200000)
  from space 66560K, 20% used [0x00000000f6500000,0x00000000f7245098,0x00000000fa600000)
  to   space 82432K, 0% used [0x00000000f1200000,0x00000000f1200000,0x00000000f6280000)
 ParOldGen       total 98304K, used 97906K [0x00000000a0000000, 0x00000000a6000000, 0x00000000e0000000)
  object space 98304K, 99% used [0x00000000a0000000,0x00000000a5f9c888,0x00000000a6000000)
 Metaspace       used 70195K, capacity 72830K, committed 73776K, reserved 1114112K
  class space    used 8996K, capacity 9572K, committed 9776K, reserved 1048576K
}
Event: 1275.883 GC heap before
{Heap before GC invocations=31 (full 5):
 PSYoungGen      total 347136K, used 294164K [0x00000000e0000000, 0x00000000fb300000, 0x0000000100000000)
  eden space 280576K, 100% used [0x00000000e0000000,0x00000000f1200000,0x00000000f1200000)
  from space 66560K, 20% used [0x00000000f6500000,0x00000000f7245098,0x00000000fa600000)
  to   space 82432K, 0% used [0x00000000f1200000,0x00000000f1200000,0x00000000f6280000)
 ParOldGen       total 98304K, used 97906K [0x00000000a0000000, 0x00000000a6000000, 0x00000000e0000000)
  object space 98304K, 99% used [0x00000000a0000000,0x00000000a5f9c888,0x00000000a6000000)
 Metaspace       used 70198K, capacity 72830K, committed 73776K, reserved 1114112K
  class space    used 8996K, capacity 9572K, committed 9776K, reserved 1048576K
Event: 1276.758 GC heap after
Heap after GC invocations=31 (full 5):
 PSYoungGen      total 347136K, used 30640K [0x00000000e0000000, 0x00000000fb300000, 0x0000000100000000)
  eden space 280576K, 10% used [0x00000000e0000000,0x00000000e1dec1a8,0x00000000f1200000)
  from space 66560K, 0% used [0x00000000f6500000,0x00000000f6500000,0x00000000fa600000)
  to   space 82432K, 0% used [0x00000000f1200000,0x00000000f1200000,0x00000000f6280000)
 ParOldGen       total 224768K, used 98291K [0x00000000a0000000, 0x00000000adb80000, 0x00000000e0000000)
  object space 224768K, 43% used [0x00000000a0000000,0x00000000a5ffcfe0,0x00000000adb80000)
 Metaspace       used 70198K, capacity 72830K, committed 73776K, reserved 1114112K
  class space    used 8996K, capacity 9572K, committed 9776K, reserved 1048576K
}
Event: 1277.865 GC heap before
{Heap before GC invocations=32 (full 5):
 PSYoungGen      total 347136K, used 280576K [0x00000000e0000000, 0x00000000fb300000, 0x0000000100000000)
  eden space 280576K, 100% used [0x00000000e0000000,0x00000000f1200000,0x00000000f1200000)
  from space 66560K, 0% used [0x00000000f6500000,0x00000000f6500000,0x00000000fa600000)
  to   space 82432K, 0% used [0x00000000f1200000,0x00000000f1200000,0x00000000f6280000)
 ParOldGen       total 224768K, used 98291K [0x00000000a0000000, 0x00000000adb80000, 0x00000000e0000000)
  object space 224768K, 43% used [0x00000000a0000000,0x00000000a5ffcfe0,0x00000000adb80000)
 Metaspace       used 70206K, capacity 72830K, committed 73776K, reserved 1114112K
  class space    used 8997K, capacity 9572K, committed 9776K, reserved 1048576K
Event: 1277.972 GC heap after
Heap after GC invocations=32 (full 5):
 PSYoungGen      total 363008K, used 37770K [0x00000000e0000000, 0x00000000fb300000, 0x0000000100000000)
  eden space 280576K, 0% used [0x00000000e0000000,0x00000000e0000000,0x00000000f1200000)
  from space 82432K, 45% used [0x00000000f1200000,0x00000000f36e2858,0x00000000f6280000)
  to   space 66560K, 0% used [0x00000000f6500000,0x00000000f6500000,0x00000000fa600000)
 ParOldGen       total 224768K, used 98307K [0x00000000a0000000, 0x00000000adb80000, 0x00000000e0000000)
  object space 224768K, 43% used [0x00000000a0000000,0x00000000a6000fe0,0x00000000adb80000)
 Metaspace       used 70206K, capacity 72830K, committed 73776K, reserved 1114112K
  class space    used 8997K, capacity 9572K, committed 9776K, reserved 1048576K
}
Event: 1278.918 GC heap before
{Heap before GC invocations=33 (full 5):
 PSYoungGen      total 363008K, used 318346K [0x00000000e0000000, 0x00000000fb300000, 0x0000000100000000)
  eden space 280576K, 100% used [0x00000000e0000000,0x00000000f1200000,0x00000000f1200000)
  from space 82432K, 45% used [0x00000000f1200000,0x00000000f36e2858,0x00000000f6280000)
  to   space 66560K, 0% used [0x00000000f6500000,0x00000000f6500000,0x00000000fa600000)
 ParOldGen       total 224768K, used 98307K [0x00000000a0000000, 0x00000000adb80000, 0x00000000e0000000)
  object space 224768K, 43% used [0x00000000a0000000,0x00000000a6000fe0,0x00000000adb80000)
 Metaspace       used 70212K, capacity 72830K, committed 73776K, reserved 1114112K
  class space    used 8997K, capacity 9572K, committed 9776K, reserved 1048576K
Event: 1279.175 GC heap after
Heap after GC invocations=33 (full 5):
 PSYoungGen      total 347136K, used 66543K [0x00000000e0000000, 0x00000000fb300000, 0x0000000100000000)
  eden space 280576K, 0% used [0x00000000e0000000,0x00000000e0000000,0x00000000f1200000)
  from space 66560K, 99% used [0x00000000f6500000,0x00000000fa5fbfb0,0x00000000fa600000)
  to   space 82432K, 0% used [0x00000000f1200000,0x00000000f1200000,0x00000000f6280000)
 ParOldGen       total 224768K, used 111714K [0x00000000a0000000, 0x00000000adb80000, 0x00000000e0000000)
  object space 224768K, 49% used [0x00000000a0000000,0x00000000a6d18898,0x00000000adb80000)
 Metaspace       used 70212K, capacity 72830K, committed 73776K, reserved 1114112K
  class space    used 8997K, capacity 9572K, committed 9776K, reserved 1048576K
}

